<?xml version="1.0" encoding="UTF-8"?>
<!-- Generated by org.testng.reporters.JUnitXMLReporter -->
<testsuite ignored="0" hostname="Arundhati-ASUS" failures="0" tests="1" name="Test-Runner-1" time="11.76" errors="0" timestamp="2025-05-05T08:22:46 IST">
  <testcase classname="inventoryTests.AddProductToCartTest" name="tc_01_AddProductToCartTest" time="2.746"/>
</testsuite> <!-- Test-Runner-1 -->
