<?xml version="1.0" encoding="UTF-8"?>
<!-- Generated by org.testng.reporters.JUnitXMLReporter -->
<testsuite ignored="0" hostname="Arundhati-ASUS" failures="0" tests="1" name="Test-Runner-2" time="11.463" errors="0" timestamp="2025-05-05T08:22:46 IST">
  <testcase classname="inventoryTests.AddLowestPriceProductTocartTest" name="tc_01_AddProductToCart_With_LowPrice_Test" time="2.604"/>
</testsuite> <!-- Test-Runner-2 -->
