<?xml version="1.0" encoding="UTF-8"?>
<!-- Generated by org.testng.reporters.JUnitXMLReporter -->
<testsuite ignored="0" hostname="Arundhati-ASUS" failures="0" tests="1" name="Test-Runner-Firefox" time="10.079" errors="0" timestamp="2025-05-05T11:45:47 IST">
  <testcase classname="inventoryTests.AddProductToCartTest" name="tc_01_AddProductToCartTest" time="1.471"/>
</testsuite> <!-- Test-Runner-Firefox -->
