<?xml version="1.0" encoding="UTF-8"?>
<!-- Generated by org.testng.reporters.JUnitReportReporter -->
<testsuite hostname="Arundhati-ASUS" failures="0" tests="3" name="practice.TestNGSample" time="0.017" errors="0" timestamp="2025-04-28T12:31:32 IST" skipped="0">
  <testcase classname="practice.TestNGSample" name="createEmpData" time="0.001"/>
  <system-out/>
  <testcase classname="practice.TestNGSample" name="createEmpData" time="0.004"/>
  <system-out/>
  <testcase classname="practice.TestNGSample" name="createEmpData" time="0.012"/>
  <system-out/>
</testsuite> <!-- practice.TestNGSample -->
