<?xml version="1.0" encoding="UTF-8"?>
<!-- Generated by org.testng.reporters.JUnitReportReporter -->
<testsuite hostname="Arundhati-ASUS" failures="0" tests="1" name="inventoryTests.AddLowestPriceProductTocartTest" time="1.139" errors="0" timestamp="2025-05-08T12:47:11 IST" skipped="0">
  <testcase classname="inventoryTests.AddLowestPriceProductTocartTest" name="tc_01_AddProductToCart_With_LowPrice_Test" time="1.139"/>
</testsuite> <!-- inventoryTests.AddLowestPriceProductTocartTest -->
